2025-05-30 21:27:26,384 - INFO - -------------------------------------------
2025-05-30 21:27:26,384 - INFO - Extracting the Data :)

2025-05-30 21:27:26,384 - INFO - Starting API Extraction from C:\Users\yamin\OneDrive\Dark-Data-Rises\data\raw_data.csv
2025-05-30 21:27:26,451 - INFO - Extraction Succesfull
2025-05-30 21:27:26,451 - INFO - ------------------------------------------------------
2025-05-30 21:27:26,451 - INFO - 
Data Transformation and Cleaning

2025-05-30 21:27:26,451 - INFO - Removing Duplicate Rows :>
2025-05-30 21:27:26,505 - INFO - Cleaning OrderID Column :>
2025-05-30 21:27:26,506 - INFO - Cleaning CustomerName Column :>
2025-05-30 21:27:26,570 - INFO - Cleaning Product Column :>
2025-05-30 21:27:35,956 - INFO - Cleaning Quantity Column :>
2025-05-30 21:27:36,149 - INFO - Cleaning Price Column :>
2025-05-30 21:27:36,151 - INFO - Cleaning OrderDate Column :>
2025-05-30 21:27:36,254 - INFO - Cleaning ShippedRegion Column :>
2025-05-30 21:27:36,530 - INFO - Cleaning OrderStatus Column :>
2025-05-30 21:27:36,813 - INFO - Converting all Column Names into Uppercase :>
2025-05-30 21:27:36,815 - INFO - Transformation and Data Cleaning Successful :)
2025-05-30 21:27:36,815 - INFO - ----------------------------------------------------------------
2025-05-30 21:27:36,815 - INFO - 
Data Loading

2025-05-30 21:27:36,816 - INFO - Connecting to Snowflake
2025-05-30 21:27:36,816 - INFO - Snowflake Connector for Python Version: 3.13.2, Python Version: 3.12.4, Platform: Windows-11-10.0.26100-SP0
2025-05-30 21:27:36,817 - INFO - Connecting to GLOBAL Snowflake domain
2025-05-30 21:27:36,818 - INFO - This connection is in OCSP Fail Open Mode. TLS Certificates would be checked for validity and revocation status. Any other Certificate Revocation related exceptions or OCSP Responder failures would be disregarded in favor of connectivity.
2025-05-30 21:27:39,847 - INFO - Loading Clean Data into Snowflake
2025-05-30 21:27:51,741 - INFO -  Uploaded 104785 rows to Snowflake table: ORDERS
2025-05-30 21:27:51,741 - INFO -  Data Loading Completed
2025-05-30 21:27:51,741 - INFO - --------------------------------------------

2025-05-30 21:27:51,746 - INFO - ETL Pipeline Finished Successfully :>
2025-05-30 21:27:51,758 - INFO - closed
2025-05-30 21:27:51,758 - INFO - No async queries seem to be running, deleting session
